==2808== Memcheck, a memory error detector
==2808== Copyright (C) 2002-2015, and GNU GPL'd, by Julian Seward et al.
==2808== Using Valgrind-3.12.0 and LibVEX; rerun with -h for copyright info
==2808== Command: ./test
==2808== 
--2808-- Valgrind options:
--2808--    --leak-check=full
--2808--    --track-origins=yes
--2808--    --show-reachable=yes
--2808--    -v
--2808-- Contents of /proc/version:
--2808--   Linux version 2.6.32-573.el6.x86_64 (mockbuild@x86-027.build.eng.bos.redhat.com) (gcc version 4.4.7 20120313 (Red Hat 4.4.7-16) (GCC) ) #1 SMP Wed Jul 1 18:23:37 EDT 2015
--2808-- 
--2808-- Arch and hwcaps: AMD64, LittleEndian, amd64-cx16-lzcnt-rdtscp-sse3-avx
--2808-- Page sizes: currently 4096, max supported 4096
--2808-- Valgrind library directory: /tool/pandora64/.package/valgrind-3.12.0-mmap-fix/lib/valgrind
--2808-- Reading syms from /proj/soc_analysis/regression/bitang/NN/C/test
--2808-- Reading syms from /tool/pandora64/.package/valgrind-3.12.0-mmap-fix/lib/valgrind/memcheck-amd64-linux
--2808--    object doesn't have a dynamic symbol table
--2808-- Reading syms from /lib64/ld-2.12.so
--2808-- Scheduler: using generic scheduler lock implementation.
--2808-- Reading suppressions file: /tool/pandora64/.package/valgrind-3.12.0-mmap-fix/lib/valgrind/default.supp
==2808== embedded gdbserver: reading from /tmp/vgdb-pipe-from-vgdb-to-2808-by-bitang-on-gram1663
==2808== embedded gdbserver: writing to   /tmp/vgdb-pipe-to-vgdb-from-2808-by-bitang-on-gram1663
==2808== embedded gdbserver: shared mem   /tmp/vgdb-pipe-shared-mem-vgdb-2808-by-bitang-on-gram1663
==2808== 
==2808== TO CONTROL THIS PROCESS USING vgdb (which you probably
==2808== don't want to do, unless you know exactly what you're doing,
==2808== or are doing some strange experiment):
==2808==   /tool/pandora64/.package/valgrind-3.12.0-mmap-fix/lib/valgrind/../../bin/vgdb --pid=2808 ...command...
==2808== 
==2808== TO DEBUG THIS PROCESS USING GDB: start GDB like this
==2808==   /path/to/gdb ./test
==2808== and then give GDB the following command
==2808==   target remote | /tool/pandora64/.package/valgrind-3.12.0-mmap-fix/lib/valgrind/../../bin/vgdb --pid=2808
==2808== --pid is optional if only one valgrind process is running
==2808== 
--2808-- REDIR: 0x33bd817c30 (ld-linux-x86-64.so.2:strlen) redirected to 0x6809fc01 (vgPlain_amd64_linux_REDIR_FOR_strlen)
--2808-- REDIR: 0x33bd817a40 (ld-linux-x86-64.so.2:index) redirected to 0x6809fc1b (vgPlain_amd64_linux_REDIR_FOR_index)
--2808-- Reading syms from /tool/pandora64/.package/valgrind-3.12.0-mmap-fix/lib/valgrind/vgpreload_core-amd64-linux.so
--2808-- Reading syms from /tool/pandora64/.package/valgrind-3.12.0-mmap-fix/lib/valgrind/vgpreload_memcheck-amd64-linux.so
==2808== WARNING: new redirection conflicts with existing -- ignoring it
--2808--     old: 0x33bd817c30 (strlen              ) R-> (0000.0) 0x6809fc01 vgPlain_amd64_linux_REDIR_FOR_strlen
--2808--     new: 0x33bd817c30 (strlen              ) R-> (2007.0) 0x04809bf0 strlen
--2808-- REDIR: 0x33bd817ac0 (ld-linux-x86-64.so.2:strcmp) redirected to 0x480acf0 (strcmp)
--2808-- REDIR: 0x33bd818a10 (ld-linux-x86-64.so.2:mempcpy) redirected to 0x480e0c0 (mempcpy)
--2808-- Reading syms from /lib64/libm-2.12.so
--2808-- Reading syms from /lib64/libc-2.12.so
--2808-- REDIR: 0x33bdc84d30 (libc.so.6:strcasecmp) redirected to 0x4801772 (_vgnU_ifunc_wrapper)
--2808-- REDIR: 0x33bdc86ff0 (libc.so.6:strncasecmp) redirected to 0x4801772 (_vgnU_ifunc_wrapper)
--2808-- REDIR: 0x33bdc82ca0 (libc.so.6:__GI_strrchr) redirected to 0x48095b0 (__GI_strrchr)
--2808-- REDIR: 0x33bdc7aaf0 (libc.so.6:malloc) redirected to 0x4806aaf (malloc)
--2808-- REDIR: 0x33bdc83a00 (libc.so.6:memset) redirected to 0x4801772 (_vgnU_ifunc_wrapper)
--2808-- REDIR: 0x33bdc83a40 (libc.so.6:__GI_memset) redirected to 0x480d250 (memset)
--2808-- REDIR: 0x33bdc8e9e0 (libc.so.6:__GI_strstr) redirected to 0x480e320 (__strstr_sse2)
--2808-- REDIR: 0x33bdc7a760 (libc.so.6:calloc) redirected to 0x480894a (calloc)
--2808-- REDIR: 0x33bdc811c0 (libc.so.6:__GI_strlen) redirected to 0x4809b50 (__GI_strlen)
--2808-- REDIR: 0x33bdc896d0 (libc.so.6:memcpy) redirected to 0x480b440 (memcpy)
--2808-- REDIR: 0x33bdc7b950 (libc.so.6:free) redirected to 0x4807c5c (free)
--2808-- REDIR: 0x33bdc84560 (libc.so.6:mempcpy) redirected to 0x480dd00 (mempcpy)
--2808-- REDIR: 0x33bdc8ab50 (libc.so.6:strchrnul) redirected to 0x480dbf0 (strchrnul)
INFO: Setting up basic parameters for the network
INFO: Sizes of networks are: 30 3 
INFO: Initializing all required learnable parameters for the network
INFO: 2 W matrixes, 909 learnable weights initialized, 7.20 KB meomry used
INFO: 2 b matrixes, 33 learnable biases initialized, 0.35 KB meomry used
INFO: 2 H matrixes, 9900 learnable hidden layer values initialized, 77.44 KB meomry used
INFO: A total number of 84.98 KB memory is used by learnable parameters in the network
INFO: Epoch 0, data loss: 1.826064, regulization loss: 0.596010, total loss: 2.422074
INFO: 42.666668% correct on training data
==2808== 
==2808== HEAP SUMMARY:
==2808==     in use at exit: 1,108 bytes in 41 blocks
==2808==   total heap usage: 74,242 allocs, 74,201 frees, 2,862,292 bytes allocated
==2808== 
==2808== Searching for pointers to 41 not-freed blocks
==2808== Checked 75,392 bytes
==2808== 
==2808== 24 bytes in 1 blocks are definitely lost in loss record 1 of 7
==2808==    at 0x4806B1D: malloc (vg_replace_malloc.c:299)
==2808==    by 0x400BE5: matrixMalloc (misc_utils.c:9)
==2808==    by 0x400B28: main (test.c:19)
==2808== 
==2808== 24 bytes in 1 blocks are definitely lost in loss record 2 of 7
==2808==    at 0x4806B1D: malloc (vg_replace_malloc.c:299)
==2808==    by 0x400BE5: matrixMalloc (misc_utils.c:9)
==2808==    by 0x400B44: main (test.c:21)
==2808== 
==2808== 56 bytes in 1 blocks are definitely lost in loss record 3 of 7
==2808==    at 0x4806B1D: malloc (vg_replace_malloc.c:299)
==2808==    by 0x400B60: main (test.c:23)
==2808== 
==2808== 132 bytes in 2 blocks are indirectly lost in loss record 4 of 7
==2808==    at 0x48089D0: calloc (vg_replace_malloc.c:711)
==2808==    by 0x400EF9: init2DMatrixZero (matrix_operations.c:50)
==2808==    by 0x404350: train (fully_connected_net.c:113)
==2808==    by 0x400BC6: main (test.c:32)
==2808== 
==2808== 148 (16 direct, 132 indirect) bytes in 2 blocks are definitely lost in loss record 5 of 7
==2808==    at 0x48089D0: calloc (vg_replace_malloc.c:711)
==2808==    by 0x400EC5: init2DMatrixZero (matrix_operations.c:48)
==2808==    by 0x404350: train (fully_connected_net.c:113)
==2808==    by 0x400BC6: main (test.c:32)
==2808== 
==2808== 600 bytes in 32 blocks are indirectly lost in loss record 6 of 7
==2808==    at 0x48089D0: calloc (vg_replace_malloc.c:711)
==2808==    by 0x400E0A: init2DMatrixNormRand (matrix_operations.c:36)
==2808==    by 0x404313: train (fully_connected_net.c:112)
==2808==    by 0x400BC6: main (test.c:32)
==2808== 
==2808== 856 (256 direct, 600 indirect) bytes in 2 blocks are definitely lost in loss record 7 of 7
==2808==    at 0x48089D0: calloc (vg_replace_malloc.c:711)
==2808==    by 0x400DD3: init2DMatrixNormRand (matrix_operations.c:34)
==2808==    by 0x404313: train (fully_connected_net.c:112)
==2808==    by 0x400BC6: main (test.c:32)
==2808== 
==2808== LEAK SUMMARY:
==2808==    definitely lost: 376 bytes in 7 blocks
==2808==    indirectly lost: 732 bytes in 34 blocks
==2808==      possibly lost: 0 bytes in 0 blocks
==2808==    still reachable: 0 bytes in 0 blocks
==2808==         suppressed: 0 bytes in 0 blocks
==2808== 
==2808== ERROR SUMMARY: 5 errors from 5 contexts (suppressed: 4 from 4)
--2808-- 
--2808-- used_suppression:      4 U1004-ARM-_dl_relocate_object /tool/pandora64/.package/valgrind-3.12.0-mmap-fix/lib/valgrind/default.supp:1413
==2808== 
==2808== ERROR SUMMARY: 5 errors from 5 contexts (suppressed: 4 from 4)
