X=
[[ 0.          0.        ]
 [ 0.35110559 -0.35598436]
 [-0.74798369 -0.66371711]
 [-0.         -0.        ]
 [-0.22267322  0.44767917]
 [ 0.97510548 -0.22174154]
 [ 0.         -0.        ]
 [-0.36011327 -0.34686948]
 [-0.71894951  0.6950623 ]]
y=
[0 0 0 1 1 1 2 2 2]
W initialized as:
[[ 0.00133035  0.00285423]
 [ 0.0045399  -0.01465909]]
b initialized as:
[[ 0.  0.]]
W2 initialized as:
[[ 0.0094706  -0.02345046 -0.0159773 ]
 [-0.012428    0.00660806  0.00154871]]
b2 initialized as:
[[ 0.  0.  0.]]
Before ReLU, H = 
[[ 0.          0.        ]
 [-0.00114904  0.00622054]
 [-0.00400829  0.00759457]
 [ 0.          0.        ]
 [ 0.00173618 -0.00719813]
 [ 0.00029055  0.0060337 ]
 [ 0.          0.        ]
 [-0.00205383  0.00405695]
 [ 0.00219905 -0.01224103]]
After ReLU, H = 
[[ 0.          0.        ]
 [ 0.          0.00622054]
 [ 0.          0.00759457]
 [ 0.          0.        ]
 [ 0.00173618  0.        ]
 [ 0.00029055  0.0060337 ]
 [ 0.          0.        ]
 [ 0.          0.00405695]
 [ 0.00219905  0.        ]]
score = 
[[  0.00000000e+00   0.00000000e+00   0.00000000e+00]
 [ -7.73089249e-05   4.11057043e-05   9.63379595e-06]
 [ -9.43853841e-05   5.01853789e-05   1.17617666e-05]
 [  0.00000000e+00   0.00000000e+00   0.00000000e+00]
 [  1.64426859e-05  -4.07142850e-05  -2.77395181e-05]
 [ -7.22351734e-05   3.30574626e-05   4.70218772e-06]
 [  0.00000000e+00   0.00000000e+00   0.00000000e+00]
 [ -5.04197366e-05   2.68085320e-05   6.28301914e-06]
 [  2.08263433e-05  -5.15688057e-05  -3.51349365e-05]]
data loss = 1.098627
reg loss = 0.000001
Iteration 0: loss = 1.098628, data_loss = 1.098627, reg_loss = 0.000001
dscore = 
[[-0.07407407  0.03703704  0.03703704]
 [-0.07407661  0.03703889  0.03703772]
 [-0.07407717  0.0370393   0.03703787]
 [ 0.03703704 -0.07407407  0.03703704]
 [ 0.03703829 -0.07407494  0.03703665]
 [ 0.03703479 -0.07407242  0.03703764]
 [ 0.03703704  0.03703704 -0.07407407]
 [ 0.03703538  0.03703824 -0.07407363]
 [ 0.03703862  0.03703594 -0.07407456]]
dW2 = 
[[  1.56515683e-04  -6.86855771e-05  -8.78301055e-05]
 [ -6.49673754e-04   2.15030778e-04   4.34642976e-04]]
db2 = 
[[ -6.69785766e-06   5.00397040e-06   1.69388726e-06]]
dH before ReLU
[[-0.00216181  0.0012227 ]
 [-0.00216189  0.00122274]
 [-0.00216191  0.00122275]
 [ 0.00149608 -0.00089242]
 [ 0.00149612 -0.00089244]
 [ 0.00149601 -0.00089238]
 [ 0.00066573 -0.00033027]
 [ 0.00066568 -0.00033024]
 [ 0.00066578 -0.0003303 ]]
dH after ReLU
[[ 0.          0.        ]
 [ 0.          0.00122274]
 [ 0.          0.00122275]
 [ 0.          0.        ]
 [ 0.00149612  0.        ]
 [ 0.00149601 -0.00089238]
 [ 0.          0.        ]
 [ 0.         -0.00033024]
 [ 0.00066578  0.        ]]
dW = 
[[ 0.00064696 -0.00123653]
 [ 0.00080081 -0.00093441]]
db = 
[[ 0.00365791  0.00122286]]
After Reg backprop, dW2 = 
[[  1.65986279e-04  -9.21360382e-05  -1.03807409e-04]
 [ -6.62101757e-04   2.21638836e-04   4.36191682e-04]]
After Reg backprop, dW = 
[[ 0.00064829 -0.00123367]
 [ 0.00080535 -0.00094907]]
After update
W = 
[[ 0.00068206  0.0040879 ]
 [ 0.00373454 -0.01371003]]
b = 
[[-0.00365791 -0.00122286]]
W2 = 
[[ 0.00930461 -0.02335833 -0.0158735 ]
 [-0.0117659   0.00638642  0.00111252]]
b2 = 
[[  6.69785766e-06  -5.00397040e-06  -1.69388726e-06]]
Correctness: 0.222222
